* using log directory ‘/Users/kevinlin/Dropbox/Collaboration and People/Kathryn Roeder - private/covarianceSelection/covarianceSelection_final/covarianceSelection.Rcheck’
* using R version 3.6.0 (2019-04-26)
* using platform: x86_64-apple-darwin15.6.0 (64-bit)
* using session charset: UTF-8
* using options ‘--no-manual --as-cran’
* checking for file ‘covarianceSelection/DESCRIPTION’ ... OK
* this is package ‘covarianceSelection’ version ‘1.0.0.0000’
* package encoding: UTF-8
* checking package namespace information ... OK
* checking package dependencies ... OK
* checking if this is a source package ... OK
* checking if there is a namespace ... OK
* checking for executable files ... OK
* checking for hidden files and directories ... OK
* checking for portable file names ... OK
* checking for sufficient/correct file permissions ... OK
* checking serialization versions ... OK
* checking whether package ‘covarianceSelection’ can be installed ... OK
* checking installed package size ... OK
* checking package directory ... OK
* checking for future file timestamps ... OK
* checking DESCRIPTION meta-information ... OK
* checking top-level files ... OK
* checking for left-over files ... OK
* checking index information ... OK
* checking package subdirectories ... OK
* checking R files for non-ASCII characters ... OK
* checking R files for syntax errors ... OK
* checking whether the package can be loaded ... OK
* checking whether the package can be loaded with stated dependencies ... OK
* checking whether the package can be unloaded cleanly ... OK
* checking whether the namespace can be loaded with stated dependencies ... OK
* checking whether the namespace can be unloaded cleanly ... OK
* checking dependencies in R code ... OK
* checking S3 generic/method consistency ... OK
* checking replacement functions ... OK
* checking foreign function calls ... OK
* checking R code for possible problems ... OK
* checking Rd files ... OK
* checking Rd metadata ... OK
* checking Rd line widths ... OK
* checking Rd cross-references ... OK
* checking for missing documentation entries ... OK
* checking for code/documentation mismatches ... OK
* checking Rd \usage sections ... OK
* checking Rd contents ... OK
* checking for unstated dependencies in examples ... OK
* checking contents of ‘data’ directory ... OK
* checking data for non-ASCII characters ... OK
* checking data for ASCII and uncompressed saves ... OK
* checking examples ... NONE
* checking for unstated dependencies in ‘tests’ ... OK
* checking tests ... ERROR
  Running ‘testthat.R’ [48s/54s]
Running the tests in ‘tests/testthat.R’ failed.
Last 13 lines of output:
      stop_on_warning = stop_on_warning, wrap = wrap)
  where 34: test_dir(path = test_path, reporter = reporter, env = env, filter = filter, 
      ..., stop_on_failure = stop_on_failure, stop_on_warning = stop_on_warning, 
      wrap = wrap)
  where 35: test_package_dir(package = package, test_path = test_path, filter = filter, 
      reporter = reporter, ..., stop_on_failure = stop_on_failure, 
      stop_on_warning = stop_on_warning, wrap = wrap)
  where 36: test_check("covarianceSelection")
  
   --- value of length: 2 type: logical ---
  [1] FALSE FALSE
   --- function from context --- 
   --- function search by body ---
   ----------- END OF FAILURE REPORT -------------- 
  Fatal error: length > 1 in coercion to logical
* DONE
Status: 1 ERROR
